<?xml version="1.0" encoding="UTF-8"?>
<!-- Generated by org.testng.reporters.JUnitReportReporter -->
<testsuite skipped="0" hostname="ANIL" name="com.ems.testcases.TC_SignUp_002" tests="4" failures="0" timestamp="06 Feb 2020 19:09:53 GMT" time="2.168" errors="0">
  <testcase name="loginTest" time="0.394" classname="com.ems.testcases.TC_SignUp_002"/>
  <testcase name="loginTest" time="0.434" classname="com.ems.testcases.TC_SignUp_002"/>
  <testcase name="loginTest" time="0.992" classname="com.ems.testcases.TC_SignUp_002"/>
  <testcase name="loginTest" time="0.348" classname="com.ems.testcases.TC_SignUp_002"/>
</testsuite> <!-- com.ems.testcases.TC_SignUp_002 -->
