<?xml version="1.0" encoding="UTF-8"?>
<!-- Generated by org.testng.reporters.JUnitReportReporter -->
<testsuite skipped="0" hostname="ANIL" name="com.ems.testcases.TC_Login_001" tests="1" failures="0" timestamp="04 Feb 2020 18:04:07 GMT" time="1.266" errors="0">
  <testcase name="signupTest" time="1.266" classname="com.ems.testcases.TC_Login_001"/>
</testsuite> <!-- com.ems.testcases.TC_Login_001 -->
